<?xml version="1.0" encoding="UTF-8"?>
<testng-results ignored="0" total="1" passed="1" failed="0" skipped="0">
  <reporter-output>
  </reporter-output>
  <suite started-at="2023-12-18T10:26:43 IST" name="Default suite" finished-at="2023-12-18T10:26:51 IST" duration-ms="8648">
    <groups>
    </groups>
    <test started-at="2023-12-18T10:26:43 IST" name="Default test" finished-at="2023-12-18T10:26:51 IST" duration-ms="8648">
      <class name="Testpkg.Testsaucedemo">
        <test-method is-config="true" signature="setUp()[pri:0, instance:Testpkg.Testsaucedemo@7b36aa0c]" started-at="2023-12-18T10:26:43 IST" name="setUp" finished-at="2023-12-18T10:26:47 IST" duration-ms="4037" status="PASS">
          <reporter-output>
          </reporter-output>
        </test-method> <!-- setUp -->
        <test-method signature="test()[pri:0, instance:Testpkg.Testsaucedemo@7b36aa0c]" started-at="2023-12-18T10:26:47 IST" name="test" finished-at="2023-12-18T10:26:51 IST" duration-ms="4472" status="PASS">
          <reporter-output>
          </reporter-output>
        </test-method> <!-- test -->
      </class> <!-- Testpkg.Testsaucedemo -->
    </test> <!-- Default test -->
  </suite> <!-- Default suite -->
</testng-results>
